         w __deregister_frame_info
         w __register_frame_info
         w userAppExit
         w userAppInit
00000000 00000802 B __ctru_dev_utf16_buf
00000000 A __sync_synchronize
00000000 b _TLS_MODULE_BASE_
00000000 a shift
00000000 a shift
00000804 00000401 B __ctru_dev_path_buf
00100000 A __start__
00100000 T _start
00100008 T __service_ptr
0010000c T __apt_appid
00100010 T __heap_size
00100014 T __linear_heap_size
00100018 T __system_arglist
0010001c T __system_runflags
00100020 t startup
00100058 t ClearMem
0010006c t ClrLoop
00100094 T _init
001000ac t .udivsi3_skip_div0_test
001000ac T __aeabi_uidiv
001000ac 000001ec T __udivsi3
00100298 00000020 T __aeabi_uidivmod
001002b8 T __aeabi_idiv
001002b8 00000220 T __divsi3
001002c0 t .divsi3_skip_div0_test
001004d8 00000020 T __aeabi_idivmod
001004f8 00000004 W __aeabi_idiv0
001004f8 00000004 W __aeabi_ldiv0
001004fc T __aeabi_drsub
00100504 000002b0 T __aeabi_dsub
00100504 000002b0 T __subdf3
00100508 000002ac T __adddf3
00100508 000002ac T __aeabi_dadd
001007b4 00000024 T __aeabi_ui2d
001007b4 00000024 T __floatunsidf
001007d8 00000028 T __aeabi_i2d
001007d8 00000028 T __floatsidf
00100800 00000048 T __aeabi_f2d
00100800 00000048 T __extendsfdf2
00100848 00000074 T __aeabi_ul2d
00100848 00000074 T __floatundidf
0010085c 00000060 T __aeabi_l2d
0010085c 00000060 T __floatdidf
001008bc T __aeabi_ldivmod
00100990 T __aeabi_uldivmod
001009e8 00000390 T strcmp
00100d70 t __do_global_dtors_aux
00100dc0 t frame_dummy
00100dec 0000008c T load_save
00100e78 0000005c T save_game
00100ed4 000001cc T load_wav
001010a0 00000044 T init_sound
001010e4 00000118 T carve_maze
001011fc 000000c8 T draw_maze
001012c4 00000060 T generate_level
00101328 000005e0 T main
00101908 00000024 t addrMapNodeComparator(rbtree_node const*, rbtree_node const*)
0010192c 00000004 t addrMapNodeDestructor(rbtree_node*)
00101930 0000012c T linearMemAlign
00101a5c 00000008 T linearAlloc
00101a64 0000005c T linearFree
00101ac0 00000088 T MemPool::CoalesceRight(MemBlock*)
00101b48 00000178 T MemPool::Allocate(MemChunk&, unsigned long, int)
00101cc0 00000118 T MemPool::Deallocate(MemChunk const&)
00101dd8 00000030 T MemPool::GetFreeSpace()
00101e08 00000018 T consoleSelect
00101e20 000001c8 T consoleDrawChar
00101fe8 00000170 T consolePrintChar
00102158 00000cc8 T con_write
00102e20 000000fc t newRow
00102f1c 00000180 T consoleInit
0010309c 000000cc t gfxPresentFramebuffer
00103168 0000001c T gfxIsWide
00103184 000000f8 T gfxSetScreenFormat
0010327c 00000010 T gfxSetDoubleBuffering
0010328c 000000d8 T gfxInit
00103364 00000010 T gfxInitDefault
00103374 000000b8 T gfxExit
0010342c 000000a0 T gfxGetFramebuffer
001034cc 00000100 T gfxFlushBuffers
001035cc 00000050 T gfxSwapBuffers
0010361c 00000050 T gfxSwapBuffersGpu
0010366c 00000074 T osConvertVirtToPhys
001036e0 00000054 T osGetTimeRef
00103734 000000ec T osGetTime
00103820 00000034 T __ctru_speedup_config
00103854 00000008 t romfs_close
0010385c 000000ac t romfs_seek
00103908 00000024 t romfs_dirreset
0010392c 000000c0 t fill_dir
001039ec 000002ac t romfs_dirnext
00103c98 00000074 t romfs_free
00103d0c 000000d0 t searchForFile.constprop.0
00103ddc 000000d4 t searchForDir.constprop.0
00103eb0 000001c0 t navigateToDir.constprop.0
00104070 00000114 t romfs_open
00104184 0000004c t romfs_chdir
001041d0 00000068 t romfs_diropen
00104238 00000178 t romfs_stat
001043b0 00000008 t romfs_dirclose
001043b8 0000007c t romfs_fstat
00104434 000000d0 t romfs_read
00104504 00000294 T romfsMountFromFile
00104798 00000098 T romfsMountFromCurrentProcess
00104830 00000258 T romfsMountSelf
00104a88 000000a0 T romfsUnmount
00104b28 00000158 t ndspUpdateMaster
00104c80 00000108 t ndspFinalize
00104d88 0000025c t ndspInitialize.part.0
00104fe4 00000108 t ndspHookCallback
001050f0 00000318 t ndspThreadMain
00105408 000003f0 T ndspInit
001057f8 000000d8 T ndspExit
001058d0 00000034 T ndspSetOutputMode
00105904 000000e0 T ndspChnReset
001059e4 00000018 T ndspChnSetFormat
001059fc 00000050 T ndspChnSetInterp
00105a4c 00000060 T ndspChnSetRate
00105aac 000000b0 T ndspChnWaveBufClear
00105b5c 000000c8 T ndspChnWaveBufAdd
00105c24 00000040 T ndspiInitChn
00105c64 0000002c T ndspiDirtyChn
00105c90 0000043c T ndspiUpdateChn
001060cc 00000180 T ndspiReadChnState
0010624c 00000180 t aptConvertScreenForCapture
001063cc 00000138 T aptSendCommand
00106508 00000044 t aptExitProcess
0010654c 00000394 T aptExit
001068e0 000000d8 T aptHandleSleep
001069b8 00000084 T APT_SleepIfShellClosed
00106a3c 00000078 T aptSetSleepAllowed
00106ab4 00000084 T APT_UnlockTransition
00106b38 00000470 t aptEventHandler
00106fa8 000000bc T APT_ReceiveParameter
00107064 000000b0 t aptReceiveParameter.constprop.0
00107118 00000294 t aptScreenTransfer
001073ac 000002d0 t aptWaitForWakeUp.isra.0
0010767c 000000f4 T aptJumpToHomeMenu
00107770 00000058 T aptMainLoop
001077c8 00000240 T aptInit
00107a08 00000090 T APT_CheckNew3DS
00107a98 000000a8 T cfguInit
00107b40 0000003c T cfguExit
00107b7c 0000004c T CFGU_GetConfigInfoBlk2
00107bc8 000000a4 t DSP_LoadComponent.part.0
00107c6c 000000fc T dspInit
00107d68 0000008c T dspExit
00107df4 00000024 T dspHook
00107e18 00000030 T dspUnhook
00107e48 000000b4 T aptDspSleep
00107efc 000000b4 T aptDspWakeup
00107fb0 00000044 T aptDspCancel
00107ff4 00000050 T DSP_FlushDataCache
00108044 00000034 T DSP_SetSemaphore
00108078 00000034 T DSP_SetSemaphoreMask
001080ac 00000038 T DSP_GetSemaphoreHandle
001080e4 0000003c T DSP_LoadComponent
00108120 00000044 T DSP_RegisterInterruptEvents
00108164 00000078 T DSP_ReadPipeIfPossible
001081dc 0000004c T DSP_WriteProcessPipe
00108228 00000044 T DSP_ConvertProcessAddressFromDspDram
0010826c 00000044 T DSP_RecvData
001082b0 00000050 T DSP_RecvDataIsReady
00108300 00000104 T fsInit
00108404 0000003c T fsExit
00108440 00000068 T fsExemptFromSession
001084a8 00000050 T fsUnexemptFromSession
001084f8 000000cc T FSUSER_OpenFile
001085c4 000000cc T FSUSER_OpenFileDirectly
00108690 000000b8 T FSUSER_DeleteFile
00108748 000000f4 T FSUSER_RenameFile
0010883c 000000b8 T FSUSER_DeleteDirectory
001088f4 000000d0 T FSUSER_CreateFile
001089c4 000000c0 T FSUSER_CreateDirectory
00108a84 000000f4 T FSUSER_RenameDirectory
00108b78 000000b4 T FSUSER_OpenDirectory
00108c2c 00000090 T FSUSER_OpenArchive
00108cbc 0000008c T FSUSER_CloseArchive
00108d48 00000074 T FSUSER_GetSdmcArchiveResource
00108dbc 00000064 T FSUSER_IsSdmcWritable
00108e20 00000064 T FSFILE_Read
00108e84 0000006c T FSFILE_Write
00108ef0 00000044 T FSFILE_GetSize
00108f34 00000028 T FSFILE_SetSize
00108f5c 0000003c T FSFILE_Close
00108f98 00000024 T FSFILE_Flush
00108fbc 00000060 T FSDIR_Read
0010901c 0000003c T FSDIR_Close
00109058 00000c70 t gspHardwareInit
00109cc8 00000288 T gspInit
00109f50 00000104 T gspExit
0010a054 00000010 T gspHasGpuRight
0010a064 000000a4 T gspPresentBuffer
0010a108 00000050 T gspWaitForEvent
0010a158 00000004 W gxCmdQueueInterrupt
0010a15c 00000154 t gspEventThreadMain
0010a2b0 00000050 T GSPGPU_FlushDataCache
0010a300 00000034 T GSPGPU_SetLcdForceBlack
0010a334 00000084 T GSPGPU_AcquireRight
0010a3b8 00000064 T GSPGPU_ReleaseRight
0010a41c 0000007c T GSPGPU_ImportDisplayCaptureInfo
0010a498 0000002c T GSPGPU_SaveVramSysArea
0010a4c4 0000002c T GSPGPU_RestoreVramSysArea
0010a4f0 00000024 W hidShouldUseIrrst
0010a514 000001cc T hidInit
0010a6e0 000000e8 T hidExit
0010a7c8 000002a0 T hidScanInput
0010aa68 00000010 T hidKeysHeld
0010aa78 00000010 T hidKeysDown
0010aa88 000001a4 T irrstInit
0010ac2c 000000dc T irrstExit
0010ad08 000000b4 T irrstScanInput
0010adbc 00000024 T irrstKeysHeld
0010ade0 00000078 T ptmSysmInit
0010ae58 0000003c T ptmSysmExit
0010ae94 00000034 T PTMSYSM_ConfigureNew3DSCPU
0010aec8 00000074 T rbtree_find
0010af3c 00000010 T rbtree_init
0010af4c 00000198 t do_insert
0010b0e4 00000008 T rbtree_insert
0010b0ec 00000310 T rbtree_remove
0010b3fc 00000090 T rbtree_rotate
0010b48c 000000e8 T utf16_to_utf8
0010b574 000000c0 T utf8_to_utf16
0010b638 000001e8 W __system_allocateHeaps
0010b820 00000038 W __libctru_init
0010b858 0000016c W __system_initArgv
0010b9c4 00000030 T __syscall_getreent
0010b9f4 00000064 T __syscall_gettod_r
0010ba58 00000004 T __syscall_lock_acquire
0010ba5c 00000004 T __syscall_lock_release
0010ba60 00000004 T __syscall_lock_acquire_recursive
0010ba64 00000004 T __syscall_lock_release_recursive
0010ba68 00000004 T __syscall_exit
0010ba6c 00000054 T initThreadVars
0010bac0 00000080 T __system_initSyscalls
0010bb40 T svcControlMemory
0010bb60 T svcQueryMemory
0010bb90 T svcExitProcess
0010bb98 T svcCreateThread
0010bbb8 T svcExitThread
0010bbc0 T svcSleepThread
0010bbc8 T svcReleaseMutex
0010bbd0 T svcCreateEvent
0010bbe4 T svcSignalEvent
0010bbec T svcClearEvent
0010bbf4 T svcMapMemoryBlock
0010bbfc T svcUnmapMemoryBlock
0010bc04 T svcCreateAddressArbiter
0010bc18 T svcArbitrateAddressNoTimeout
0010bc20 T svcCloseHandle
0010bc28 T svcWaitSynchronization
0010bc30 T svcWaitSynchronizationN
0010bc58 T svcDuplicateHandle
0010bc6c T svcGetSystemTick
0010bc74 T svcConnectToPort
0010bc88 T svcSendSyncRequest
0010bc90 T svcGetResourceLimit
0010bca4 T svcGetResourceLimitLimitValues
0010bcac T svcGetResourceLimitCurrentValues
0010bcb4 T svcBreak
0010bcbc T __aeabi_read_tp
0010bcc8 W initSystem
0010bd18 W __ctru_exit
0010bd2c 00000024 t addrMapNodeComparator(rbtree_node const*, rbtree_node const*)
0010bd50 00000004 t addrMapNodeDestructor(rbtree_node*)
0010bd54 00000248 T vramMemAlignAt
0010bf9c 0000000c T vramAlloc
0010bfa8 00000094 T vramFree
0010c03c 0000008c W envGetHandle
0010c0c8 00000050 W envDestroyHandles
0010c118 00000164 T srvInit
0010c27c 00000064 T srvExit
0010c2e0 00000060 T srvEnableNotification
0010c340 000000a0 T srvGetServiceHandleDirect
0010c3e0 00000048 T srvGetServiceHandle
0010c428 00000034 T srvSubscribe
0010c45c 00000060 T srvReceiveNotification
0010c4bc 00000038 T srvPublishToSubscriber
0010c4f4 0000000c T __sync_init
0010c500 00000018 T __sync_fini
0010c518 00000028 T syncArbitrateAddress
0010c540 0000001c T LightLock_Init
0010c55c 000000ac T LightLock_Lock
0010c608 00000040 T LightLock_Unlock
0010c648 00000054 T RecursiveLock_Lock
0010c69c 00000054 T RecursiveLock_Unlock
0010c6f0 00000044 T LightEvent_Init
0010c734 000000b8 T LightEvent_Clear
0010c7ec 000000dc T LightEvent_Signal
0010c8c8 00000050 T LightEvent_TryWait
0010c918 000000ac T LightEvent_Wait
0010c9c4 000001fc T threadCreate
0010cbc0 00000038 T threadFree
0010cbf8 00000024 T threadJoin
0010cc1c 00000030 T threadGetCurrent
0010cc4c 00000040 T threadExit
0010cc8c 00000020 t _thread_begin
0010ccac 00000090 t mappableFindAddressWithin
0010cd3c 00000028 T mappableInit
0010cd64 0000007c T mappableAlloc
0010cde0 00000004 T mappableFree
0010cde4 0000000c T srvPmGetSessionHandle
0010cdf0 00000060 T rbtree_node_next
0010ce50 00000054 T decode_utf16
0010cea4 00000140 T decode_utf8
0010cfe4 00000054 T encode_utf16
0010d038 000000e0 T encode_utf8
0010d118 00000030 W __appExit
0010d148 00000030 W __appInit
0010d178 00000090 W __libctru_exit
0010d208 00000024 t error_cmp
0010d22c 00000050 t archive_translate_error
0010d27c 000000c0 t archive_seek
0010d33c 00000078 t _archiveInit.part.0
0010d3b4 00000110 t archiveFindDevice.part.0
0010d4c4 00000298 t archive_utf16path
0010d75c 00000098 t _archiveUnmountDeviceStruct.part.0
0010d7f4 00000178 t _archiveMountDevice
0010d96c 000000f8 t archive_diropen
0010da64 000000ac t archive_fstat
0010db10 00000074 t archive_fsync
0010db84 00000074 t archive_close
0010dbf8 00000078 t archive_dirclose
0010dc70 000000ec t sdmc_statvfs
0010dd5c 000000f8 t archive_chdir
0010de54 0000008c t archive_ftruncate
0010dee0 000000bc t archive_read
0010df9c 000000a8 t archive_unlink
0010e044 000000c0 t archive_rmdir
0010e104 000000d8 t archive_mkdir
0010e1dc 000001a0 t archive_stat
0010e37c 00000164 t archive_dirnext
0010e4e0 0000013c t archive_write
0010e620 00000254 t archive_open
0010e874 00000270 t archive_rename
0010eae4 000001c8 T archiveMountSdmc
0010ecac 00000054 T archiveUnmountAll
0010ed00 00000130 T __udivmoddi4
0010ee30 000000e4 T strncat
0010ef14 0000001c T srand
0010ef30 00000044 T rand
0010ef74 00000128 T memcpy
0010f09c 0000008c T strlen
0010f128 00000334 T _fread_r
0010f45c 00000038 T fread
0010f494 00000078 T bsearch
0010f50c 00000134 T _fopen_r
0010f640 00000028 T fopen
0010f668 00000028 T memalign
0010f690 00000034 T printf
0010f6c4 000001ec t _strtoul_l.isra.0
0010f8b0 0000003c T strtoul
0010f8ec 00000140 T strchr
0010fa2c 000000d8 T memcmp
0010fb04 0000016c T _memalign_r
0010fc70 0000000c T __errno
0010fc7c 00000164 T __smakebuf_r
0010fde0 00000090 T __swhatbuf_r
0010fe70 000000e4 T memset
0010ff54 0000022c T __sflush_r
00110180 000000c4 T _fflush_r
00110244 00000104 T _fwrite_r
00110348 00000038 T fwrite
00110380 0000082c T _malloc_r
00110bac 00000114 T _malloc_trim_r
00110cc0 00000314 T _free_r
00110fd4 00000294 T setvbuf
00111268 0000001c t stdio_exit_handler
00111284 0000005c t cleanup_stdio
001112e0 00000154 t global_stdio_init.part.0
00111434 00000138 T __sfp
0011156c 0000005c T __sinit
001115c8 0000000c T __sfp_lock_acquire
001115d4 0000000c T __sfp_lock_release
001115e0 00000084 T __libc_init_array
00111664 000000d4 T strncpy
00111738 0000001c T _fseek_r
00111754 00000034 T fseek
00111788 00000040 T malloc
001117c8 00000020 T free
001117e8 000000e0 T _puts_r
001118c8 00000020 T puts
001118e8 00000044 T __sread
0011192c 00000068 T __swrite
00111994 00000040 T __sseek
001119d4 00000008 T __sclose
001119dc 0000000c T __malloc_lock
001119e8 0000000c T __malloc_unlock
001119f4 00000588 T _fseeko_r
00111f7c 00000148 T _fclose_r
001120c4 00000020 T fclose
001120e4 00000048 T time
0011212c 00000024 T putchar
00112150 00000004 W __call_exitprocs
00112154 00000030 T exit
00112184 000000b8 T __sflags
0011223c 0000003c T __libc_fini_array
00112278 0000003c T strnlen
001122b4 000000d8 T strncmp
0011238c 00000038 t lflush
001123c4 000001a8 T __srefill_r
0011256c 00000070 T _fwalk_sglue
001125dc 000005e0 t get_arg
00112bc0 00003554 T _vfprintf_r
00116114 000000b4 t __sbprintf
001161c8 000000a0 T _wcrtomb_r
00116268 000004a4 T __sfvwrite_r
0011670c 00000024 T __locale_mb_cur_max
00116730 00000030 T __sprint_r
00116760 000000fc T _putc_r
0011685c 000001c0 t quorem
00116a20 00001420 T _dtoa_r
00117e40 00000124 T __swbuf_r
00117f64 000000e8 T memchr
0011804c 00000028 T _wcsrtombs_r
00118074 00000140 T __swsetup_r
001181b4 00000024 T _localeconv_r
001181d8 000001a8 T memmove
00118380 000004f0 T _realloc_r
00118870 000000f8 T __utf8_wctomb
00118968 0000015c T _wcsnrtombs_l
00118ac4 00000064 T _wcsnrtombs_r
00118b28 00000088 T frexp
00118bb0 0000005c T __assert_func
00118c0c 00000088 T _Balloc
00118c94 0000001c T _Bfree
00118cb0 000000f4 T __multadd
00118da4 00000080 T __hi0bits
00118e24 000000f0 T __lo0bits
00118f14 000000a4 T __i2b
00118fb8 00000230 T __multiply
001191e8 00000130 T __pow5mult
00119318 00000138 T __lshift
00119450 00000058 T __mcmp
001194a8 00000218 T __mdiff
001196c0 00000120 T __d2b
001197e0 00000340 T __utf8_mbtowc
00119b20 0000003c T fiprintf
00119b5c 00000014 T abort
00119b70 000000d8 T _calloc_r
00119c48 000005e0 t get_arg
0011a228 000022f8 T _vfiprintf_r
0011c520 000000b4 t __sbprintf
0011c5d4 0000009c T _raise_r
0011c670 00000020 T raise
0011c690 00000020 T _exit
0011c6b0 00000140 T chdir
0011c7f0 000001c8 T _concatenate_path
0011c9b8 0000009c T _fstat_r
0011ca54 00000014 T _getpid_r
0011ca68 0000002c T __getreent
0011ca94 00000030 T _gettimeofday_r
0011cac4 000000a0 T __release_handle
0011cb64 000000b0 T __alloc_handle
0011cc14 00000058 T __get_handle
0011cc6c 00000110 T _close_r
0011cd7c 00000008 t null_write
0011cd84 00000018 T setDefaultDevice
0011cd9c 00000098 T FindDevice
0011ce34 00000024 T RemoveDevice
0011ce58 00000088 T AddDevice
0011cee0 00000020 T GetDeviceOpTab
0011cf00 00000008 T _isatty_r
0011cf08 00000014 T _kill_r
0011cf1c 00000094 T _lseek_r
0011cfb0 000000c0 T _open_r
0011d070 00000094 T _read_r
0011d104 00000078 W _sbrk_r
0011d17c 0000001c T __libc_lock_acquire
0011d198 0000001c T __libc_lock_release
0011d1b4 0000001c T __libc_lock_acquire_recursive
0011d1d0 0000001c T __libc_lock_release_recursive
0011d1ec 00000094 T _write_r
0011d280 00000048 T strrchr
0011d2c8 T _fini
0011e3b8 r .LC2
0011e73c 00000080 r dotab_stdout
0011e7bc 00000018 r grayScale
0011e7d4 00000006 r colorCube
0011e7dc 00000030 r colorTable
0011e80c 00000080 r romFS_devoptab
0011e88c 00000011 r dsp_filename.0
0011e8bc 00000008 r morton_y.2
0011e8c4 00000008 r morton_x.3
0011e8cc 00000008 r s_sleepWakeEvents.4
0011e8d4 0000000c r serviceNameTable.5
0011e8e0 R default_font_bin
0011f0e0 R default_font_bin_end
0011f0e0 00000030 r error_table
0011f110 00000080 r archive_devoptab
0011f190 00000101 R _ctype_
0011f3b8 00000010 r zeroes.0
0011f3c8 00000010 r blanks.1
0011f3d8 0000006c R __action_table
0011f444 0000006c R __state_table
0011f4b0 00000100 R __chclass
0011f5b8 0000000c r p05.0
0011f5c8 00000028 R __mprec_bigtens
0011f5f0 000000c8 R __mprec_tens
0011f7a4 00000010 r zeroes.0
0011f7b4 00000010 r blanks.1
0011f7c4 00000080 R dotab_stdnull
0011f844 R __tdata_align
0011f848 r __EH_FRAME_BEGIN__
0011f848 R __exidx_end
0011f848 R __exidx_start
00120000 00000008 D best_full
00120008 00000010 D dx
00120018 00000010 D dy
00120028 0000001c D bg_colors
00120044 00000004 D wall_color
00120048 00000004 D player_color
0012004c 00000004 D player_x
00120050 00000004 D player_y
00120054 0000001c D color_names
00120070 0000001c D fg_colors
0012008c 00000001 d firstConsoleInit.0
00120090 00000004 D currentConsole
00120094 00000048 D defaultConsole
001200dc 00000004 d aptChainloadDeliverArgSize
001200e0 00000004 d kCount
001200e4 00000004 d kInterval
001200e8 00000004 d kDelay
001200ec W __stacksize__
001200f0 00000004 D _impure_ptr
001200f8 00000200 D _impure_data
001202f8 00000004 D __malloc_sbrk_base
001202fc 00000004 D __malloc_trim_threshold
00120300 00000408 D __malloc_av_
00120708 0000000c D __sglue
00120714 00000254 D __global_locale
00120968 00000400 d _current_working_directory
00120d68 00001000 d handles
00121d68 0000000c d __stderr_handle
00121d74 0000000c d __stdout_handle
00121d80 0000000c d __stdin_handle
00121d8c 0000008c D devoptab_list
00121e18 00000004 d defaultDevice
00121e24 d _GLOBAL_OFFSET_TABLE_
00121e30 d __frame_dummy_init_array_entry
00121e30 D __init_array_start
00121e30 B __preinit_array_end
00121e30 B __preinit_array_start
00121e30 D __tdata_lma
00121e30 D __tdata_lma_end
00121e34 d __do_global_dtors_aux_fini_array_entry
00121e34 D __fini_array_start
00121e34 D __init_array_end
00121e38 D __bss_start__
00121e38 D __fini_array_end
00121e38 00000050 B best_sectors
00121e88 00000024 B step_sfx
00121eac 00000024 B win_sfx
00121ed0 0000052b B maze
00122400 00000050 B current_sectors
00122450 b completed.1
00122454 b object.0
00122470 00000008 b sLinearPool
00122478 0000000c b sAddrMap
00122484 00000064 b escapeSeq
001224e8 00000048 B currentCopy
00122530 00000004 b screenAlloc
00122534 00000004 b screenFree
00122538 00000002 b gfxIsDoubleBuf
0012253c 00000002 b gfxCurBuf
0012253e 00000001 b gfxIsVram
0012253f 00000001 b gfxTopMode
00122540 00000002 b gfxFramebufferFormats
00122544 00000004 b gfxBottomFramebufferMaxSize
00122548 00000004 b gfxTopFramebufferMaxSize
00122550 00000008 b gfxBottomFramebuffers
00122558 00000008 b gfxTopFramebuffers
00122560 00000001 V __ctru_speedup
00122564 00000004 b romfs_mount_list
00122568 00000004 V __romfs_path
0012256c 00000004 b ndspRefCount
00122570 00000048 b ndspMaster
001225b8 00000004 b ndspThread
001225bc 00000001 b ndspThreadRun
001225c0 00001080 b dspVar5Backup
00123640 00000004 b ndspMutex
00123644 00000008 b sleepEvent
0012364c 00000004 b dspSem
00123650 00000004 b irqEvent
00123654 00000008 b ndspHookCookie
0012365c 00000001 b componentFree
0012365e 00000002 b componentDataMask
00123660 00000002 b componentProgMask
00123664 00000004 b componentSize
00123668 00000004 b componentBin
0012366c 00000004 b frameCount
00123670 00000004 b droppedFrames
00123674 00000001 b bCancelReceived
00123675 00000001 b bSleeping
00123676 00000001 b bEnteringSleep
00123677 00000001 b bDspReady
00123678 00000080 B ndspVars
001236f8 00000002 B ndspBufferId
001236fa 00000002 B ndspBufferCurId
001236fc 00000002 B ndspFrameId
00123700 00000c60 b ndspChn
00124360 00000001 b flagValue.0
00124361 00000001 b flagInit.1
00124364 00000004 b serviceName.6
00124368 00000001 b aptChainloadFlags
00124369 00000001 b aptChainloadMediatype
0012436c 00000020 b aptChainloadHmac
0012438c 00000300 b aptChainloadDeliverArg
00124690 00000008 b aptChainloadTid
00124698 00001000 b aptParameters
00125698 00000004 b aptFlags
0012569c 00000001 b aptHomeButtonState
001256a0 00000004 b aptMessageFuncData
001256a4 00000004 b aptMessageFunc
001256a8 0000000c b aptFirstHook
001256b4 00000001 b aptEventHandlerThreadQuit
001256b8 00000004 b aptEventHandlerThread
001256bc 00000008 b aptSleepEvent
001256c4 00000008 b aptReceiveEvent
001256cc 00000008 b aptEvents
001256d4 00000004 b aptLockHandle
001256d8 00000004 b aptRefCount
001256dc 00000004 b cfguRefCount
001256e0 00000004 b cfguHandle
001256e4 00000002 b dspSavedCompDataMask
001256e6 00000002 b dspSavedCompProgMask
001256e8 00000004 b dspSavedCompSize
001256ec 00000004 b dspSavedCompBin
001256f0 00000001 b dspSleeping
001256f1 00000001 b dspComponentLoaded
001256f4 00000008 b dspFirstHook
001256fc 00000004 b dspRefCount
00125700 00000004 b dspHandle
00125708 00000080 b fsExemptArchives
00125788 00000004 b fsuRefCount
0012578c 00000004 b fsuHandle
00125790 00000007 b gspEventCbOneShot
00125798 0000001c b gspEventCbData
001257b4 0000001c b gspEventCb
001257d0 00000038 b gspEvents
00125808 00000004 b gspLastEvent
0012580c 00000001 b gspRunEvents
00125810 00000004 b gspEventThread
00125814 00000004 b gspEvent
00125818 00000001 b gspGpuRight
00125819 00000001 b gspThreadId
0012581c 00000004 b gspSharedMem
00125820 00000004 b gspSharedMemHandle
00125824 00000004 b gspRefCount
00125828 00000004 b gspGpuHandle
0012582c 00000001 b usingIrrst
00125830 00000004 b hidRefCount
00125834 00000006 b gRate
0012583c 00000006 b aVec
00125844 00000004 b cPos
00125848 00000004 b tPos
0012584c 00000004 b kRepeat
00125850 00000004 b kUp
00125854 00000004 b kDown
00125858 00000004 b kHeld
0012585c 00000004 b kOld
00125860 00000004 B hidSharedMem
00125864 00000014 B hidEvents
00125878 00000004 B hidMemHandle
0012587c 00000004 B hidHandle
00125880 00000004 b irrstRefCount
00125884 00000004 b csPos
00125888 00000004 b kHeld
0012588c 00000004 B irrstSharedMem
00125890 00000004 B irrstEvent
00125894 00000004 B irrstMemHandle
00125898 00000004 B irrstHandle
0012589c 00000004 b ptmSysmRefCount
001258a0 00000004 b ptmSysmHandle
001258a4 00000004 V __ctru_linear_heap_size
001258a8 00000004 V __ctru_heap_size
001258ac 00000004 B __ctru_linear_heap
001258b0 00000004 B __ctru_heap
001258b4 00000004 B __system_retAddr
001258b8 00000004 B __system_argv
001258bc 00000004 B __system_argc
001258c0 b saved_stack
001258c8 00000008 b sVramPoolB
001258d0 00000008 b sVramPoolA
001258d8 0000000c b sAddrMap
001258e4 00000004 B __3dslink_host
001258e8 00000004 b srvRefCount
001258ec 00000004 b srvHandle
001258f0 00000004 b arbiter
001258f4 00000004 b currentAddr
001258f8 00000004 b maxAddr
001258fc 00000004 b minAddr
00125900 00000004 b srvPmHandle
00125908 000005c0 b archive_devices
00125ec8 00000004 b archive_device_cwd
00125ecc 00000001 b archive_initialized
00125ed0 00000028 B __malloc_current_mallinfo
00125ef8 00000004 B __malloc_max_total_mem
00125efc 00000004 B __malloc_max_sbrked_mem
00125f00 00000004 B __malloc_top_pad
00125f04 0000000c b __sfp_recursive_mutex
00125f10 00000168 B __sf
00126078 00000004 B __stdio_exit_handler
0012607c 0000000c b __malloc_recursive_mutex
00126088 00000400 b temp_cwd
00126488 00000004 b __hndl_lock
0012648c 00000004 B fake_heap_start
00126490 00000004 B fake_heap_end
00126494 00000004 b heap_start.0
00126498 B __tls_start
001270a0 B __bss_end__
001270a0 A __end__
001270a0 B __tls_end
